<?xml version="1.0" encoding="UTF-8"?>
<!-- Generated by org.testng.reporters.JUnitReportReporter -->
<testsuite hostname="AMVCOMPUTERS" failures="0" tests="3" name="testng.Before_Suite" time="15.464" errors="0" timestamp="2023-08-22T11:56:12 IST" skipped="0">
  <testcase classname="testng.Before_Suite" name="openGoogle" time="3.873"/>
  <testcase classname="testng.Before_Suite" name="openGmail" time="5.586"/>
  <testcase classname="testng.Before_Suite" name="openYahoo" time="6.005"/>
</testsuite> <!-- testng.Before_Suite -->
