<?xml version="1.0" encoding="UTF-8"?>
<!-- Generated by org.testng.reporters.JUnitReportReporter -->
<testsuite hostname="AMVCOMPUTERS" failures="0" tests="5" name="testng.Priority_Test" time="0.038" errors="0" timestamp="2023-08-22T11:18:47 IST" skipped="0">
  <testcase classname="testng.Priority_Test" name="startTheCar" time="0.020"/>
  <testcase classname="testng.Priority_Test" name="putFirstGear" time="0.005"/>
  <testcase classname="testng.Priority_Test" name="putSecondGear" time="0.006"/>
  <testcase classname="testng.Priority_Test" name="putThirdGear" time="0.003"/>
  <testcase classname="testng.Priority_Test" name="putFourthGear" time="0.004"/>
</testsuite> <!-- testng.Priority_Test -->
