<?xml version="1.0" encoding="UTF-8"?>
<!-- Generated by org.testng.reporters.JUnitReportReporter -->
<testsuite hostname="AMVCOMPUTERS" failures="0" tests="2" name="testng.Parallel_Testing" time="40.554" errors="0" timestamp="2023-08-22T11:37:03 IST" skipped="0">
  <testcase classname="testng.Parallel_Testing" name="openBing" time="13.850"/>
  <testcase classname="testng.Parallel_Testing" name="openGoogle" time="26.704"/>
</testsuite> <!-- testng.Parallel_Testing -->
