<?xml version="1.0" encoding="UTF-8"?>
<!-- Generated by org.testng.reporters.JUnitReportReporter -->
<testsuite hostname="AMVCOMPUTERS" failures="0" tests="1" name="testng.Paramterization_Ex" time="0.025" errors="0" timestamp="2023-08-22T11:44:52 IST" skipped="0">
  <testcase classname="testng.Paramterization_Ex" name="printName" time="0.025"/>
</testsuite> <!-- testng.Paramterization_Ex -->
