<?xml version="1.0" encoding="UTF-8"?>
<!-- Generated by org.testng.reporters.JUnitReportReporter -->
<testsuite hostname="AMVCOMPUTERS" failures="0" tests="4" name="testng.Group_Testcase" time="0.035" errors="0" timestamp="2023-08-22T11:49:16 IST" skipped="0">
  <testcase classname="testng.Group_Testcase" name="iphone" time="0.004"/>
  <testcase classname="testng.Group_Testcase" name="apple" time="0.005"/>
  <testcase classname="testng.Group_Testcase" name="Apple1" time="0.022"/>
  <testcase classname="testng.Group_Testcase" name="iphone1" time="0.004"/>
</testsuite> <!-- testng.Group_Testcase -->
