<?xml version="1.0" encoding="UTF-8"?>
<!-- Generated by org.testng.reporters.JUnitReportReporter -->
<testsuite hostname="AMVCOMPUTERS" failures="0" tests="1" name="testng.HierachyAnnotation" time="0.022" errors="0" timestamp="2023-08-17T14:56:06 IST" skipped="0">
  <testcase classname="testng.HierachyAnnotation" name="test" time="0.022"/>
</testsuite> <!-- testng.HierachyAnnotation -->
