<?xml version="1.0" encoding="UTF-8"?>
<!-- Generated by org.testng.reporters.JUnitReportReporter -->
<testsuite hostname="AMVCOMPUTERS" failures="0" tests="4" name="testng.Testcase" time="0.018" errors="0" timestamp="2023-08-22T11:34:41 IST" skipped="0">
  <testcase classname="testng.Testcase" name="secondtestcase" time="0.003"/>
  <testcase classname="testng.Testcase" name="firsttestcase" time="0.008"/>
  <testcase classname="testng.Testcase" name="forthtestcase" time="0.004"/>
  <testcase classname="testng.Testcase" name="thirdtestcase" time="0.003"/>
</testsuite> <!-- testng.Testcase -->
