<?xml version="1.0" encoding="UTF-8"?>
<!-- Generated by org.testng.reporters.JUnitReportReporter -->
<testsuite hostname="AMVCOMPUTERS" failures="0" tests="3" name="testng.Before_Aftersuite" time="60.771" errors="0" timestamp="2023-08-22T11:53:47 IST" skipped="0">
  <testcase classname="testng.Before_Aftersuite" name="openGmail" time="18.481"/>
  <testcase classname="testng.Before_Aftersuite" name="openGoogle" time="16.117"/>
  <testcase classname="testng.Before_Aftersuite" name="openYahoo" time="26.173"/>
</testsuite> <!-- testng.Before_Aftersuite -->
