<?xml version="1.0" encoding="UTF-8"?>
<!-- Generated by org.testng.reporters.JUnitReportReporter -->
<testsuite hostname="AMVCOMPUTERS" failures="0" tests="4" name="testng.Dependancies" time="0.042" errors="0" timestamp="2023-08-22T11:34:41 IST" skipped="0">
  <testcase classname="testng.Dependancies" name="highSchool" time="0.029"/>
  <testcase classname="testng.Dependancies" name="higherSecondarySchool" time="0.004"/>
  <testcase classname="testng.Dependancies" name="college" time="0.005"/>
  <testcase classname="testng.Dependancies" name="job" time="0.004"/>
</testsuite> <!-- testng.Dependancies -->
