<?xml version="1.0" encoding="UTF-8"?>
<!-- Generated by org.testng.reporters.JUnitReportReporter -->
<testsuite hostname="AMVCOMPUTERS" failures="0" tests="5" name="testng.Skip_Testcase" time="0.018" errors="0" timestamp="2023-08-22T11:34:41 IST" skipped="1">
  <testcase classname="testng.Skip_Testcase" name="startTheCar" time="0.004"/>
  <testcase classname="testng.Skip_Testcase" name="putFirstGear" time="0.004"/>
  <testcase classname="testng.Skip_Testcase" name="putSecondGear" time="0.004"/>
  <testcase classname="testng.Skip_Testcase" name="putFourthGear" time="0.006"/>
  <testcase classname="testng.Skip_Testcase" name="putThirdGear">
    <skipped/>
  </testcase> <!-- putThirdGear -->
</testsuite> <!-- testng.Skip_Testcase -->
