<?xml version="1.0" encoding="UTF-8"?>
<!-- Generated by org.testng.reporters.JUnitReportReporter -->
<testsuite hostname="AMVCOMPUTERS" failures="0" tests="1" name="testng.Assertions" time="0.024" errors="0" timestamp="2023-08-22T11:58:37 IST" skipped="0">
  <testcase classname="testng.Assertions" name="checkEqual" time="0.024"/>
</testsuite> <!-- testng.Assertions -->
